


ARM Macro Assembler    Page 1 


    1 00000000         ;/******************************************************
                       ***********************
    2 00000000         ; * @file:    startup_LPC177x_8x.s
    3 00000000         ; * @purpose: CMSIS Cortex-M3 Core Device Startup File
    4 00000000         ; *           for the NXP LPC177x_8x Device Series 
    5 00000000         ; * @version: V1.20
    6 00000000         ; * @date:    07. October 2010
    7 00000000         ; *------- <<< Use Configuration Wizard in Context Menu 
                       >>> ------------------
    8 00000000         ; *
    9 00000000         ; * Copyright (C) 2010 ARM Limited. All rights reserved.
                       
   10 00000000         ; * ARM Limited (ARM) is supplying this software for use
                        with Cortex-M3
   11 00000000         ; * processor based microcontrollers.  This file can be 
                       freely distributed
   12 00000000         ; * within development tools that are supporting such AR
                       M based processors.
   13 00000000         ; *
   14 00000000         ; * THIS SOFTWARE IS PROVIDED "AS IS".  NO WARRANTIES, W
                       HETHER EXPRESS, IMPLIED
   15 00000000         ; * OR STATUTORY, INCLUDING, BUT NOT LIMITED TO, IMPLIED
                        WARRANTIES OF
   16 00000000         ; * MERCHANTABILITY AND FITNESS FOR A PARTICULAR PURPOSE
                        APPLY TO THIS SOFTWARE.
   17 00000000         ; * ARM SHALL NOT, IN ANY CIRCUMSTANCES, BE LIABLE FOR S
                       PECIAL, INCIDENTAL, OR
   18 00000000         ; * CONSEQUENTIAL DAMAGES, FOR ANY REASON WHATSOEVER.
   19 00000000         ; *
   20 00000000         ; ******************************************************
                       ***********************/
   21 00000000         
   22 00000000         
   23 00000000         ; <h> Stack Configuration
   24 00000000         ;   <o> Stack Size (in Bytes) <0x0-0xFFFFFFFF:8>
   25 00000000         ; </h>
   26 00000000         
   27 00000000 00001400 
                       Stack_Size
                               EQU              0x00001400  ; this stack is for
                                                             c library not for 
                                                            emWin or FreeRTOS 
   28 00000000         
   29 00000000                 AREA             STACK, NOINIT, READWRITE, ALIGN
=3
   30 00000000         Stack_Mem
                               SPACE            Stack_Size
   31 00001400         __initial_sp
   32 00001400         Stack_Limit
   33 00001400         
   34 00001400                 EXPORT           Stack_Mem
   35 00001400                 EXPORT           Stack_Size
   36 00001400                 EXPORT           Stack_Limit
   37 00001400         
   38 00001400         ; <h> Heap Configuration
   39 00001400         ;   <o>  Heap Size (in Bytes) <0x0-0xFFFFFFFF:8>
   40 00001400         ; </h>
   41 00001400         
   42 00001400         ; Heap_Size       EQU     0x00000000



ARM Macro Assembler    Page 2 


   43 00001400 00001000 
                       Heap_Size
                               EQU              0x00001000  ; FreeRTOS has own 
                                                            heap & stack that i
                                                            s unrelated to this
                                                             one // 
   44 00001400         ; A heap size unequal to 0 is required to activate Retar
                       get
   45 00001400         ; which adds SWO terminal output for debugging   
   46 00001400         
   47 00001400                 AREA             HEAP, NOINIT, READWRITE, ALIGN=
3
   48 00000000         __heap_base
   49 00000000         Heap_Mem
                               SPACE            Heap_Size
   50 00001000         __heap_limit
   51 00001000         
   52 00001000         
   53 00001000                 PRESERVE8
   54 00001000                 THUMB
   55 00001000         
   56 00001000         
   57 00001000         ; Vector Table Mapped to Address 0 at Reset
   58 00001000         
   59 00001000                 AREA             RESET, DATA, READONLY
   60 00000000                 EXPORT           __Vectors
   61 00000000         
   62 00000000 00000000 
                       __Vectors
                               DCD              __initial_sp ; Top of Stack
   63 00000004 00000000        DCD              Reset_Handler ; Reset Handler
   64 00000008 00000000        DCD              NMI_Handler ; NMI Handler
   65 0000000C 00000000        DCD              HardFault_Handler ; Hard Fault 
                                                            Handler
   66 00000010 00000000        DCD              MemManage_Handler 
                                                            ; MPU Fault Handler
                                                            
   67 00000014 00000000        DCD              BusFault_Handler 
                                                            ; Bus Fault Handler
                                                            
   68 00000018 00000000        DCD              UsageFault_Handler ; Usage Faul
                                                            t Handler
   69 0000001C 00000000        DCD              0           ; Reserved
   70 00000020 00000000        DCD              0           ; Reserved
   71 00000024 00000000        DCD              0           ; Reserved
   72 00000028 00000000        DCD              0           ; Reserved
   73 0000002C 00000000        DCD              SVC_Handler ; SVCall Handler
   74 00000030 00000000        DCD              DebugMon_Handler ; Debug Monito
                                                            r Handler
   75 00000034 00000000        DCD              0           ; Reserved
   76 00000038 00000000        DCD              PendSV_Handler ; PendSV Handler
                                                            
   77 0000003C 00000000        DCD              SysTick_Handler 
                                                            ; SysTick Handler
   78 00000040         
   79 00000040         ; External Interrupts
   80 00000040 00000000        DCD              WDT_IRQHandler ; 16: Watchdog T
                                                            imer
   81 00000044 00000000        DCD              TIMER0_IRQHandler ; 17: Timer0



ARM Macro Assembler    Page 3 


   82 00000048 00000000        DCD              TIMER1_IRQHandler ; 18: Timer1
   83 0000004C 00000000        DCD              TIMER2_IRQHandler ; 19: Timer2
   84 00000050 00000000        DCD              TIMER3_IRQHandler ; 20: Timer3
   85 00000054 00000000        DCD              UART0_IRQHandler ; 21: UART0
   86 00000058 00000000        DCD              UART1_IRQHandler ; 22: UART1
   87 0000005C 00000000        DCD              UART2_IRQHandler ; 23: UART2
   88 00000060 00000000        DCD              UART3_IRQHandler ; 24: UART3
   89 00000064 00000000        DCD              PWM1_IRQHandler ; 25: PWM1
   90 00000068 00000000        DCD              I2C0_IRQHandler ; 26: I2C0
   91 0000006C 00000000        DCD              I2C1_IRQHandler ; 27: I2C1
   92 00000070 00000000        DCD              I2C2_IRQHandler ; 28: I2C2
   93 00000074 00000000        DCD              SPIFI_IRQHandler ; 29: SPIFI
   94 00000078 00000000        DCD              SSP0_IRQHandler ; 30: SSP0
   95 0000007C 00000000        DCD              SSP1_IRQHandler ; 31: SSP1
   96 00000080 00000000        DCD              PLL0_IRQHandler ; 32: PLL0 Lock
                                                             (Main PLL)
   97 00000084 00000000        DCD              RTC_IRQHandler ; 33: Real Time 
                                                            Clock
   98 00000088 00000000        DCD              EINT0_IRQHandler ; 34: External
                                                             Interrupt 0
   99 0000008C 00000000        DCD              EINT1_IRQHandler ; 35: External
                                                             Interrupt 1
  100 00000090 00000000        DCD              EINT2_IRQHandler ; 36: External
                                                             Interrupt 2
  101 00000094 00000000        DCD              EINT3_IRQHandler ; 37: External
                                                             Interrupt 3
  102 00000098 00000000        DCD              ADC_IRQHandler 
                                                            ; 38: A/D Converter
                                                            
  103 0000009C 00000000        DCD              BOD_IRQHandler ; 39: Brown-Out 
                                                            Detect
  104 000000A0 00000000        DCD              USB_IRQHandler ; 40: USB
  105 000000A4 00000000        DCD              CAN_IRQHandler ; 41: CAN
  106 000000A8 00000000        DCD              DMA_IRQHandler ; 42: General Pu
                                                            rpose DMA
  107 000000AC 00000000        DCD              I2S_IRQHandler ; 43: I2S
  108 000000B0 00000000        DCD              ENET_IRQHandler ; 44: Ethernet
  109 000000B4 00000000        DCD              MCI_IRQHandler ; 45: SD/MMC car
                                                            d I/F
  110 000000B8 00000000        DCD              MCPWM_IRQHandler ; 46: Motor Co
                                                            ntrol PWM
  111 000000BC 00000000        DCD              QEI_IRQHandler ; 47: Quadrature
                                                             Encoder Interface
  112 000000C0 00000000        DCD              PLL1_IRQHandler ; 48: PLL1 Lock
                                                             (USB PLL)
  113 000000C4 00000000        DCD              USBActivity_IRQHandler ; 49: US
                                                            B Activity interrup
                                                            t to wakeup
  114 000000C8 00000000        DCD              CANActivity_IRQHandler ; 50: CA
                                                            N Activity interrup
                                                            t to wakeup
  115 000000CC 00000000        DCD              UART4_IRQHandler ; 51: UART4
  116 000000D0 00000000        DCD              SSP2_IRQHandler ; 52: SSP2
  117 000000D4 00000000        DCD              LCD_IRQHandler ; 53: LCD
  118 000000D8 00000000        DCD              GPIO_IRQHandler ; 54: GPIO
  119 000000DC 00000000        DCD              PWM0_IRQHandler ; 55: PWM0
  120 000000E0 00000000        DCD              EEPROM_IRQHandler ; 56: EEPROM
  121 000000E4         
  122 000000E4         



ARM Macro Assembler    Page 4 


  123 000000E4                 IF               :LNOT::DEF:NO_CRP
  124 000000E4                 AREA             |.ARM.__at_0x02FC|, CODE, READO
NLY
  125 00000000 FFFFFFFF 
                       CRP_Key DCD              0xFFFFFFFF
  126 00000004                 ENDIF
  127 00000004         
  128 00000004         
  129 00000004                 AREA             |.text|, CODE, READONLY
  130 00000000         
  131 00000000         
  132 00000000         ; Reset Handler
  133 00000000         
  134 00000000         Reset_Handler
                               PROC
  135 00000000                 EXPORT           Reset_Handler             [WEAK
]
  136 00000000                 IMPORT           SystemInit
  137 00000000                 IMPORT           __low_level_init
  138 00000000                 IMPORT           __main
  139 00000000 4807            LDR              R0, =SystemInit
  140 00000002 4780            BLX              R0
  141 00000004 4807            LDR              R0, =__low_level_init
  142 00000006 4780            BLX              R0
  143 00000008 4807            LDR              R0, =__main
  144 0000000A 4700            BX               R0
  145 0000000C                 ENDP
  146 0000000C         
  147 0000000C         
  148 0000000C         ; Dummy Exception Handlers (infinite loops which can be 
                       modified)
  149 0000000C         
  150 0000000C         NMI_Handler
                               PROC
  151 0000000C                 EXPORT           NMI_Handler               [WEAK
]
  152 0000000C E7FE            B                .
  153 0000000E                 ENDP
  155 0000000E         HardFault_Handler
                               PROC
  156 0000000E                 EXPORT           HardFault_Handler         [WEAK
]
  157 0000000E E7FE            B                .
  158 00000010                 ENDP
  160 00000010         MemManage_Handler
                               PROC
  161 00000010                 EXPORT           MemManage_Handler         [WEAK
]
  162 00000010 E7FE            B                .
  163 00000012                 ENDP
  165 00000012         BusFault_Handler
                               PROC
  166 00000012                 EXPORT           BusFault_Handler          [WEAK
]
  167 00000012 E7FE            B                .
  168 00000014                 ENDP
  170 00000014         UsageFault_Handler
                               PROC
  171 00000014                 EXPORT           UsageFault_Handler        [WEAK



ARM Macro Assembler    Page 5 


]
  172 00000014 E7FE            B                .
  173 00000016                 ENDP
  174 00000016         SVC_Handler
                               PROC
  175 00000016                 EXPORT           SVC_Handler               [WEAK
]
  176 00000016 E7FE            B                .
  177 00000018                 ENDP
  179 00000018         DebugMon_Handler
                               PROC
  180 00000018                 EXPORT           DebugMon_Handler          [WEAK
]
  181 00000018 E7FE            B                .
  182 0000001A                 ENDP
  183 0000001A         PendSV_Handler
                               PROC
  184 0000001A                 EXPORT           PendSV_Handler            [WEAK
]
  185 0000001A E7FE            B                .
  186 0000001C                 ENDP
  187 0000001C         SysTick_Handler
                               PROC
  188 0000001C                 EXPORT           SysTick_Handler           [WEAK
]
  189 0000001C E7FE            B                .
  190 0000001E                 ENDP
  191 0000001E         
  192 0000001E         Default_Handler
                               PROC
  193 0000001E         
  194 0000001E                 EXPORT           WDT_IRQHandler            [WEAK
]
  195 0000001E                 EXPORT           TIMER0_IRQHandler         [WEAK
]
  196 0000001E                 EXPORT           TIMER1_IRQHandler         [WEAK
]
  197 0000001E                 EXPORT           TIMER2_IRQHandler         [WEAK
]
  198 0000001E                 EXPORT           TIMER3_IRQHandler         [WEAK
]
  199 0000001E                 EXPORT           UART0_IRQHandler          [WEAK
]
  200 0000001E                 EXPORT           UART1_IRQHandler          [WEAK
]
  201 0000001E                 EXPORT           UART2_IRQHandler          [WEAK
]
  202 0000001E                 EXPORT           UART3_IRQHandler          [WEAK
]
  203 0000001E                 EXPORT           PWM1_IRQHandler           [WEAK
]
  204 0000001E                 EXPORT           I2C0_IRQHandler           [WEAK
]
  205 0000001E                 EXPORT           I2C1_IRQHandler           [WEAK
]
  206 0000001E                 EXPORT           I2C2_IRQHandler           [WEAK
]
  207 0000001E                 EXPORT           SPIFI_IRQHandler          [WEAK
]



ARM Macro Assembler    Page 6 


  208 0000001E                 EXPORT           SSP0_IRQHandler           [WEAK
]
  209 0000001E                 EXPORT           SSP1_IRQHandler           [WEAK
]
  210 0000001E                 EXPORT           PLL0_IRQHandler           [WEAK
]
  211 0000001E                 EXPORT           RTC_IRQHandler            [WEAK
]
  212 0000001E                 EXPORT           EINT0_IRQHandler          [WEAK
]
  213 0000001E                 EXPORT           EINT1_IRQHandler          [WEAK
]
  214 0000001E                 EXPORT           EINT2_IRQHandler          [WEAK
]
  215 0000001E                 EXPORT           EINT3_IRQHandler          [WEAK
]
  216 0000001E                 EXPORT           ADC_IRQHandler            [WEAK
]
  217 0000001E                 EXPORT           BOD_IRQHandler            [WEAK
]
  218 0000001E                 EXPORT           USB_IRQHandler            [WEAK
]
  219 0000001E                 EXPORT           CAN_IRQHandler            [WEAK
]
  220 0000001E                 EXPORT           DMA_IRQHandler            [WEAK
]
  221 0000001E                 EXPORT           I2S_IRQHandler            [WEAK
]
  222 0000001E                 EXPORT           ENET_IRQHandler           [WEAK
]
  223 0000001E                 EXPORT           MCI_IRQHandler            [WEAK
]
  224 0000001E                 EXPORT           MCPWM_IRQHandler          [WEAK
]
  225 0000001E                 EXPORT           QEI_IRQHandler            [WEAK
]
  226 0000001E                 EXPORT           PLL1_IRQHandler           [WEAK
]
  227 0000001E                 EXPORT           USBActivity_IRQHandler    [WEAK
]
  228 0000001E                 EXPORT           CANActivity_IRQHandler    [WEAK
]
  229 0000001E                 EXPORT           UART4_IRQHandler          [WEAK
]
  230 0000001E                 EXPORT           SSP2_IRQHandler           [WEAK
]
  231 0000001E                 EXPORT           LCD_IRQHandler            [WEAK
]
  232 0000001E                 EXPORT           GPIO_IRQHandler           [WEAK
]
  233 0000001E                 EXPORT           PWM0_IRQHandler           [WEAK
]
  234 0000001E                 EXPORT           EEPROM_IRQHandler         [WEAK
]
  235 0000001E         
  236 0000001E         WDT_IRQHandler
  237 0000001E         TIMER0_IRQHandler
  238 0000001E         TIMER1_IRQHandler
  239 0000001E         TIMER2_IRQHandler



ARM Macro Assembler    Page 7 


  240 0000001E         TIMER3_IRQHandler
  241 0000001E         UART0_IRQHandler
  242 0000001E         UART1_IRQHandler
  243 0000001E         UART2_IRQHandler
  244 0000001E         UART3_IRQHandler
  245 0000001E         PWM1_IRQHandler
  246 0000001E         I2C0_IRQHandler
  247 0000001E         I2C1_IRQHandler
  248 0000001E         I2C2_IRQHandler
  249 0000001E         SPIFI_IRQHandler
  250 0000001E         SSP0_IRQHandler
  251 0000001E         SSP1_IRQHandler
  252 0000001E         PLL0_IRQHandler
  253 0000001E         RTC_IRQHandler
  254 0000001E         EINT0_IRQHandler
  255 0000001E         EINT1_IRQHandler
  256 0000001E         EINT2_IRQHandler
  257 0000001E         EINT3_IRQHandler
  258 0000001E         ADC_IRQHandler
  259 0000001E         BOD_IRQHandler
  260 0000001E         USB_IRQHandler
  261 0000001E         CAN_IRQHandler
  262 0000001E         DMA_IRQHandler
  263 0000001E         I2S_IRQHandler
  264 0000001E         ENET_IRQHandler
  265 0000001E         MCI_IRQHandler
  266 0000001E         MCPWM_IRQHandler
  267 0000001E         QEI_IRQHandler
  268 0000001E         PLL1_IRQHandler
  269 0000001E         USBActivity_IRQHandler
  270 0000001E         CANActivity_IRQHandler
  271 0000001E         UART4_IRQHandler
  272 0000001E         SSP2_IRQHandler
  273 0000001E         LCD_IRQHandler
  274 0000001E         GPIO_IRQHandler
  275 0000001E         PWM0_IRQHandler
  276 0000001E         EEPROM_IRQHandler
  277 0000001E         
  278 0000001E E7FE            B                .
  279 00000020         
  280 00000020                 ENDP
  281 00000020         
  282 00000020         
  283 00000020                 ALIGN
  284 00000020         
  285 00000020         
  286 00000020         ; User Initial Stack & Heap
  287 00000020         
  288 00000020                 IF               :DEF:__MICROLIB
  289 00000020         
  290 00000020                 EXPORT           __initial_sp
  291 00000020                 EXPORT           __heap_base
  292 00000020                 EXPORT           __heap_limit
  293 00000020         
  294 00000020                 ELSE
  308                          ENDIF
  309 00000020         
  310 00000020         
  311 00000020                 END



ARM Macro Assembler    Page 8 


              00000000 
              00000000 
              00000000 
Command Line: --debug --xref --diag_suppress=9931 --cpu=Cortex-M3 --apcs=interw
ork --depend=.\output\lpc1788_ea_lpc1788_keil_cmsis\debug_flash\obj\startup_lpc
177x_8x.d -o.\output\lpc1788_ea_lpc1788_keil_cmsis\debug_flash\obj\startup_lpc1
77x_8x.o -I.\RTE\_Debug_FLASH -IC:\Keil5.23\ARM\PACK\Keil\LPC1700_DFP\2.3.0\Dev
ice\Include -IC:\Keil5.23\ARM\CMSIS\Include --predefine="__MICROLIB SETA 1" --p
redefine="__UVISION_VERSION SETA 523" --predefine="LPC177x_8x SETA 1" --list=.\
output\lpc1788_ea_lpc1788_keil_cmsis\debug_flash\lst\startup_lpc177x_8x.lst ..\
Common\lpc177x.lpc178x.cmsis.driver.library_2012.8.13\Core\Device\NXP\LPC177x_8
x\Source\Templates\ARM\startup_LPC177x_8x.s



ARM Macro Assembler    Page 1 Alphabetic symbol ordering
Relocatable symbols

STACK 00000000

Symbol: STACK
   Definitions
      At line 29 in file ..\Common\lpc177x.lpc178x.cmsis.driver.library_2012.8.
13\Core\Device\NXP\LPC177x_8x\Source\Templates\ARM\startup_LPC177x_8x.s
   Uses
      None
Comment: STACK unused
Stack_Limit 00001400

Symbol: Stack_Limit
   Definitions
      At line 32 in file ..\Common\lpc177x.lpc178x.cmsis.driver.library_2012.8.
13\Core\Device\NXP\LPC177x_8x\Source\Templates\ARM\startup_LPC177x_8x.s
   Uses
      At line 36 in file ..\Common\lpc177x.lpc178x.cmsis.driver.library_2012.8.
13\Core\Device\NXP\LPC177x_8x\Source\Templates\ARM\startup_LPC177x_8x.s
Comment: Stack_Limit used once
Stack_Mem 00000000

Symbol: Stack_Mem
   Definitions
      At line 30 in file ..\Common\lpc177x.lpc178x.cmsis.driver.library_2012.8.
13\Core\Device\NXP\LPC177x_8x\Source\Templates\ARM\startup_LPC177x_8x.s
   Uses
      At line 34 in file ..\Common\lpc177x.lpc178x.cmsis.driver.library_2012.8.
13\Core\Device\NXP\LPC177x_8x\Source\Templates\ARM\startup_LPC177x_8x.s
Comment: Stack_Mem used once
__initial_sp 00001400

Symbol: __initial_sp
   Definitions
      At line 31 in file ..\Common\lpc177x.lpc178x.cmsis.driver.library_2012.8.
13\Core\Device\NXP\LPC177x_8x\Source\Templates\ARM\startup_LPC177x_8x.s
   Uses
      At line 62 in file ..\Common\lpc177x.lpc178x.cmsis.driver.library_2012.8.
13\Core\Device\NXP\LPC177x_8x\Source\Templates\ARM\startup_LPC177x_8x.s
      At line 290 in file ..\Common\lpc177x.lpc178x.cmsis.driver.library_2012.8
.13\Core\Device\NXP\LPC177x_8x\Source\Templates\ARM\startup_LPC177x_8x.s

4 symbols



ARM Macro Assembler    Page 1 Alphabetic symbol ordering
Relocatable symbols

HEAP 00000000

Symbol: HEAP
   Definitions
      At line 47 in file ..\Common\lpc177x.lpc178x.cmsis.driver.library_2012.8.
13\Core\Device\NXP\LPC177x_8x\Source\Templates\ARM\startup_LPC177x_8x.s
   Uses
      None
Comment: HEAP unused
Heap_Mem 00000000

Symbol: Heap_Mem
   Definitions
      At line 49 in file ..\Common\lpc177x.lpc178x.cmsis.driver.library_2012.8.
13\Core\Device\NXP\LPC177x_8x\Source\Templates\ARM\startup_LPC177x_8x.s
   Uses
      None
Comment: Heap_Mem unused
__heap_base 00000000

Symbol: __heap_base
   Definitions
      At line 48 in file ..\Common\lpc177x.lpc178x.cmsis.driver.library_2012.8.
13\Core\Device\NXP\LPC177x_8x\Source\Templates\ARM\startup_LPC177x_8x.s
   Uses
      At line 291 in file ..\Common\lpc177x.lpc178x.cmsis.driver.library_2012.8
.13\Core\Device\NXP\LPC177x_8x\Source\Templates\ARM\startup_LPC177x_8x.s
Comment: __heap_base used once
__heap_limit 00001000

Symbol: __heap_limit
   Definitions
      At line 50 in file ..\Common\lpc177x.lpc178x.cmsis.driver.library_2012.8.
13\Core\Device\NXP\LPC177x_8x\Source\Templates\ARM\startup_LPC177x_8x.s
   Uses
      At line 292 in file ..\Common\lpc177x.lpc178x.cmsis.driver.library_2012.8
.13\Core\Device\NXP\LPC177x_8x\Source\Templates\ARM\startup_LPC177x_8x.s
Comment: __heap_limit used once
4 symbols



ARM Macro Assembler    Page 1 Alphabetic symbol ordering
Relocatable symbols

RESET 00000000

Symbol: RESET
   Definitions
      At line 59 in file ..\Common\lpc177x.lpc178x.cmsis.driver.library_2012.8.
13\Core\Device\NXP\LPC177x_8x\Source\Templates\ARM\startup_LPC177x_8x.s
   Uses
      None
Comment: RESET unused
__Vectors 00000000

Symbol: __Vectors
   Definitions
      At line 62 in file ..\Common\lpc177x.lpc178x.cmsis.driver.library_2012.8.
13\Core\Device\NXP\LPC177x_8x\Source\Templates\ARM\startup_LPC177x_8x.s
   Uses
      At line 60 in file ..\Common\lpc177x.lpc178x.cmsis.driver.library_2012.8.
13\Core\Device\NXP\LPC177x_8x\Source\Templates\ARM\startup_LPC177x_8x.s
Comment: __Vectors used once
2 symbols



ARM Macro Assembler    Page 1 Alphabetic symbol ordering
Relocatable symbols

.ARM.__at_0x02FC 00000000

Symbol: .ARM.__at_0x02FC
   Definitions
      At line 124 in file ..\Common\lpc177x.lpc178x.cmsis.driver.library_2012.8
.13\Core\Device\NXP\LPC177x_8x\Source\Templates\ARM\startup_LPC177x_8x.s
   Uses
      None
Comment: .ARM.__at_0x02FC unused
CRP_Key 00000000

Symbol: CRP_Key
   Definitions
      At line 125 in file ..\Common\lpc177x.lpc178x.cmsis.driver.library_2012.8
.13\Core\Device\NXP\LPC177x_8x\Source\Templates\ARM\startup_LPC177x_8x.s
   Uses
      None
Comment: CRP_Key unused
2 symbols



ARM Macro Assembler    Page 1 Alphabetic symbol ordering
Relocatable symbols

.text 00000000

Symbol: .text
   Definitions
      At line 129 in file ..\Common\lpc177x.lpc178x.cmsis.driver.library_2012.8
.13\Core\Device\NXP\LPC177x_8x\Source\Templates\ARM\startup_LPC177x_8x.s
   Uses
      None
Comment: .text unused
ADC_IRQHandler 0000001E

Symbol: ADC_IRQHandler
   Definitions
      At line 258 in file ..\Common\lpc177x.lpc178x.cmsis.driver.library_2012.8
.13\Core\Device\NXP\LPC177x_8x\Source\Templates\ARM\startup_LPC177x_8x.s
   Uses
      At line 102 in file ..\Common\lpc177x.lpc178x.cmsis.driver.library_2012.8
.13\Core\Device\NXP\LPC177x_8x\Source\Templates\ARM\startup_LPC177x_8x.s
      At line 216 in file ..\Common\lpc177x.lpc178x.cmsis.driver.library_2012.8
.13\Core\Device\NXP\LPC177x_8x\Source\Templates\ARM\startup_LPC177x_8x.s

BOD_IRQHandler 0000001E

Symbol: BOD_IRQHandler
   Definitions
      At line 259 in file ..\Common\lpc177x.lpc178x.cmsis.driver.library_2012.8
.13\Core\Device\NXP\LPC177x_8x\Source\Templates\ARM\startup_LPC177x_8x.s
   Uses
      At line 103 in file ..\Common\lpc177x.lpc178x.cmsis.driver.library_2012.8
.13\Core\Device\NXP\LPC177x_8x\Source\Templates\ARM\startup_LPC177x_8x.s
      At line 217 in file ..\Common\lpc177x.lpc178x.cmsis.driver.library_2012.8
.13\Core\Device\NXP\LPC177x_8x\Source\Templates\ARM\startup_LPC177x_8x.s

BusFault_Handler 00000012

Symbol: BusFault_Handler
   Definitions
      At line 165 in file ..\Common\lpc177x.lpc178x.cmsis.driver.library_2012.8
.13\Core\Device\NXP\LPC177x_8x\Source\Templates\ARM\startup_LPC177x_8x.s
   Uses
      At line 67 in file ..\Common\lpc177x.lpc178x.cmsis.driver.library_2012.8.
13\Core\Device\NXP\LPC177x_8x\Source\Templates\ARM\startup_LPC177x_8x.s
      At line 166 in file ..\Common\lpc177x.lpc178x.cmsis.driver.library_2012.8
.13\Core\Device\NXP\LPC177x_8x\Source\Templates\ARM\startup_LPC177x_8x.s

CANActivity_IRQHandler 0000001E

Symbol: CANActivity_IRQHandler
   Definitions
      At line 270 in file ..\Common\lpc177x.lpc178x.cmsis.driver.library_2012.8
.13\Core\Device\NXP\LPC177x_8x\Source\Templates\ARM\startup_LPC177x_8x.s
   Uses
      At line 114 in file ..\Common\lpc177x.lpc178x.cmsis.driver.library_2012.8
.13\Core\Device\NXP\LPC177x_8x\Source\Templates\ARM\startup_LPC177x_8x.s
      At line 228 in file ..\Common\lpc177x.lpc178x.cmsis.driver.library_2012.8
.13\Core\Device\NXP\LPC177x_8x\Source\Templates\ARM\startup_LPC177x_8x.s

CAN_IRQHandler 0000001E




ARM Macro Assembler    Page 2 Alphabetic symbol ordering
Relocatable symbols

Symbol: CAN_IRQHandler
   Definitions
      At line 261 in file ..\Common\lpc177x.lpc178x.cmsis.driver.library_2012.8
.13\Core\Device\NXP\LPC177x_8x\Source\Templates\ARM\startup_LPC177x_8x.s
   Uses
      At line 105 in file ..\Common\lpc177x.lpc178x.cmsis.driver.library_2012.8
.13\Core\Device\NXP\LPC177x_8x\Source\Templates\ARM\startup_LPC177x_8x.s
      At line 219 in file ..\Common\lpc177x.lpc178x.cmsis.driver.library_2012.8
.13\Core\Device\NXP\LPC177x_8x\Source\Templates\ARM\startup_LPC177x_8x.s

DMA_IRQHandler 0000001E

Symbol: DMA_IRQHandler
   Definitions
      At line 262 in file ..\Common\lpc177x.lpc178x.cmsis.driver.library_2012.8
.13\Core\Device\NXP\LPC177x_8x\Source\Templates\ARM\startup_LPC177x_8x.s
   Uses
      At line 106 in file ..\Common\lpc177x.lpc178x.cmsis.driver.library_2012.8
.13\Core\Device\NXP\LPC177x_8x\Source\Templates\ARM\startup_LPC177x_8x.s
      At line 220 in file ..\Common\lpc177x.lpc178x.cmsis.driver.library_2012.8
.13\Core\Device\NXP\LPC177x_8x\Source\Templates\ARM\startup_LPC177x_8x.s

DebugMon_Handler 00000018

Symbol: DebugMon_Handler
   Definitions
      At line 179 in file ..\Common\lpc177x.lpc178x.cmsis.driver.library_2012.8
.13\Core\Device\NXP\LPC177x_8x\Source\Templates\ARM\startup_LPC177x_8x.s
   Uses
      At line 74 in file ..\Common\lpc177x.lpc178x.cmsis.driver.library_2012.8.
13\Core\Device\NXP\LPC177x_8x\Source\Templates\ARM\startup_LPC177x_8x.s
      At line 180 in file ..\Common\lpc177x.lpc178x.cmsis.driver.library_2012.8
.13\Core\Device\NXP\LPC177x_8x\Source\Templates\ARM\startup_LPC177x_8x.s

Default_Handler 0000001E

Symbol: Default_Handler
   Definitions
      At line 192 in file ..\Common\lpc177x.lpc178x.cmsis.driver.library_2012.8
.13\Core\Device\NXP\LPC177x_8x\Source\Templates\ARM\startup_LPC177x_8x.s
   Uses
      None
Comment: Default_Handler unused
EEPROM_IRQHandler 0000001E

Symbol: EEPROM_IRQHandler
   Definitions
      At line 276 in file ..\Common\lpc177x.lpc178x.cmsis.driver.library_2012.8
.13\Core\Device\NXP\LPC177x_8x\Source\Templates\ARM\startup_LPC177x_8x.s
   Uses
      At line 120 in file ..\Common\lpc177x.lpc178x.cmsis.driver.library_2012.8
.13\Core\Device\NXP\LPC177x_8x\Source\Templates\ARM\startup_LPC177x_8x.s
      At line 234 in file ..\Common\lpc177x.lpc178x.cmsis.driver.library_2012.8
.13\Core\Device\NXP\LPC177x_8x\Source\Templates\ARM\startup_LPC177x_8x.s

EINT0_IRQHandler 0000001E

Symbol: EINT0_IRQHandler
   Definitions



ARM Macro Assembler    Page 3 Alphabetic symbol ordering
Relocatable symbols

      At line 254 in file ..\Common\lpc177x.lpc178x.cmsis.driver.library_2012.8
.13\Core\Device\NXP\LPC177x_8x\Source\Templates\ARM\startup_LPC177x_8x.s
   Uses
      At line 98 in file ..\Common\lpc177x.lpc178x.cmsis.driver.library_2012.8.
13\Core\Device\NXP\LPC177x_8x\Source\Templates\ARM\startup_LPC177x_8x.s
      At line 212 in file ..\Common\lpc177x.lpc178x.cmsis.driver.library_2012.8
.13\Core\Device\NXP\LPC177x_8x\Source\Templates\ARM\startup_LPC177x_8x.s

EINT1_IRQHandler 0000001E

Symbol: EINT1_IRQHandler
   Definitions
      At line 255 in file ..\Common\lpc177x.lpc178x.cmsis.driver.library_2012.8
.13\Core\Device\NXP\LPC177x_8x\Source\Templates\ARM\startup_LPC177x_8x.s
   Uses
      At line 99 in file ..\Common\lpc177x.lpc178x.cmsis.driver.library_2012.8.
13\Core\Device\NXP\LPC177x_8x\Source\Templates\ARM\startup_LPC177x_8x.s
      At line 213 in file ..\Common\lpc177x.lpc178x.cmsis.driver.library_2012.8
.13\Core\Device\NXP\LPC177x_8x\Source\Templates\ARM\startup_LPC177x_8x.s

EINT2_IRQHandler 0000001E

Symbol: EINT2_IRQHandler
   Definitions
      At line 256 in file ..\Common\lpc177x.lpc178x.cmsis.driver.library_2012.8
.13\Core\Device\NXP\LPC177x_8x\Source\Templates\ARM\startup_LPC177x_8x.s
   Uses
      At line 100 in file ..\Common\lpc177x.lpc178x.cmsis.driver.library_2012.8
.13\Core\Device\NXP\LPC177x_8x\Source\Templates\ARM\startup_LPC177x_8x.s
      At line 214 in file ..\Common\lpc177x.lpc178x.cmsis.driver.library_2012.8
.13\Core\Device\NXP\LPC177x_8x\Source\Templates\ARM\startup_LPC177x_8x.s

EINT3_IRQHandler 0000001E

Symbol: EINT3_IRQHandler
   Definitions
      At line 257 in file ..\Common\lpc177x.lpc178x.cmsis.driver.library_2012.8
.13\Core\Device\NXP\LPC177x_8x\Source\Templates\ARM\startup_LPC177x_8x.s
   Uses
      At line 101 in file ..\Common\lpc177x.lpc178x.cmsis.driver.library_2012.8
.13\Core\Device\NXP\LPC177x_8x\Source\Templates\ARM\startup_LPC177x_8x.s
      At line 215 in file ..\Common\lpc177x.lpc178x.cmsis.driver.library_2012.8
.13\Core\Device\NXP\LPC177x_8x\Source\Templates\ARM\startup_LPC177x_8x.s

ENET_IRQHandler 0000001E

Symbol: ENET_IRQHandler
   Definitions
      At line 264 in file ..\Common\lpc177x.lpc178x.cmsis.driver.library_2012.8
.13\Core\Device\NXP\LPC177x_8x\Source\Templates\ARM\startup_LPC177x_8x.s
   Uses
      At line 108 in file ..\Common\lpc177x.lpc178x.cmsis.driver.library_2012.8
.13\Core\Device\NXP\LPC177x_8x\Source\Templates\ARM\startup_LPC177x_8x.s
      At line 222 in file ..\Common\lpc177x.lpc178x.cmsis.driver.library_2012.8
.13\Core\Device\NXP\LPC177x_8x\Source\Templates\ARM\startup_LPC177x_8x.s

GPIO_IRQHandler 0000001E

Symbol: GPIO_IRQHandler



ARM Macro Assembler    Page 4 Alphabetic symbol ordering
Relocatable symbols

   Definitions
      At line 274 in file ..\Common\lpc177x.lpc178x.cmsis.driver.library_2012.8
.13\Core\Device\NXP\LPC177x_8x\Source\Templates\ARM\startup_LPC177x_8x.s
   Uses
      At line 118 in file ..\Common\lpc177x.lpc178x.cmsis.driver.library_2012.8
.13\Core\Device\NXP\LPC177x_8x\Source\Templates\ARM\startup_LPC177x_8x.s
      At line 232 in file ..\Common\lpc177x.lpc178x.cmsis.driver.library_2012.8
.13\Core\Device\NXP\LPC177x_8x\Source\Templates\ARM\startup_LPC177x_8x.s

HardFault_Handler 0000000E

Symbol: HardFault_Handler
   Definitions
      At line 155 in file ..\Common\lpc177x.lpc178x.cmsis.driver.library_2012.8
.13\Core\Device\NXP\LPC177x_8x\Source\Templates\ARM\startup_LPC177x_8x.s
   Uses
      At line 65 in file ..\Common\lpc177x.lpc178x.cmsis.driver.library_2012.8.
13\Core\Device\NXP\LPC177x_8x\Source\Templates\ARM\startup_LPC177x_8x.s
      At line 156 in file ..\Common\lpc177x.lpc178x.cmsis.driver.library_2012.8
.13\Core\Device\NXP\LPC177x_8x\Source\Templates\ARM\startup_LPC177x_8x.s

I2C0_IRQHandler 0000001E

Symbol: I2C0_IRQHandler
   Definitions
      At line 246 in file ..\Common\lpc177x.lpc178x.cmsis.driver.library_2012.8
.13\Core\Device\NXP\LPC177x_8x\Source\Templates\ARM\startup_LPC177x_8x.s
   Uses
      At line 90 in file ..\Common\lpc177x.lpc178x.cmsis.driver.library_2012.8.
13\Core\Device\NXP\LPC177x_8x\Source\Templates\ARM\startup_LPC177x_8x.s
      At line 204 in file ..\Common\lpc177x.lpc178x.cmsis.driver.library_2012.8
.13\Core\Device\NXP\LPC177x_8x\Source\Templates\ARM\startup_LPC177x_8x.s

I2C1_IRQHandler 0000001E

Symbol: I2C1_IRQHandler
   Definitions
      At line 247 in file ..\Common\lpc177x.lpc178x.cmsis.driver.library_2012.8
.13\Core\Device\NXP\LPC177x_8x\Source\Templates\ARM\startup_LPC177x_8x.s
   Uses
      At line 91 in file ..\Common\lpc177x.lpc178x.cmsis.driver.library_2012.8.
13\Core\Device\NXP\LPC177x_8x\Source\Templates\ARM\startup_LPC177x_8x.s
      At line 205 in file ..\Common\lpc177x.lpc178x.cmsis.driver.library_2012.8
.13\Core\Device\NXP\LPC177x_8x\Source\Templates\ARM\startup_LPC177x_8x.s

I2C2_IRQHandler 0000001E

Symbol: I2C2_IRQHandler
   Definitions
      At line 248 in file ..\Common\lpc177x.lpc178x.cmsis.driver.library_2012.8
.13\Core\Device\NXP\LPC177x_8x\Source\Templates\ARM\startup_LPC177x_8x.s
   Uses
      At line 92 in file ..\Common\lpc177x.lpc178x.cmsis.driver.library_2012.8.
13\Core\Device\NXP\LPC177x_8x\Source\Templates\ARM\startup_LPC177x_8x.s
      At line 206 in file ..\Common\lpc177x.lpc178x.cmsis.driver.library_2012.8
.13\Core\Device\NXP\LPC177x_8x\Source\Templates\ARM\startup_LPC177x_8x.s

I2S_IRQHandler 0000001E




ARM Macro Assembler    Page 5 Alphabetic symbol ordering
Relocatable symbols

Symbol: I2S_IRQHandler
   Definitions
      At line 263 in file ..\Common\lpc177x.lpc178x.cmsis.driver.library_2012.8
.13\Core\Device\NXP\LPC177x_8x\Source\Templates\ARM\startup_LPC177x_8x.s
   Uses
      At line 107 in file ..\Common\lpc177x.lpc178x.cmsis.driver.library_2012.8
.13\Core\Device\NXP\LPC177x_8x\Source\Templates\ARM\startup_LPC177x_8x.s
      At line 221 in file ..\Common\lpc177x.lpc178x.cmsis.driver.library_2012.8
.13\Core\Device\NXP\LPC177x_8x\Source\Templates\ARM\startup_LPC177x_8x.s

LCD_IRQHandler 0000001E

Symbol: LCD_IRQHandler
   Definitions
      At line 273 in file ..\Common\lpc177x.lpc178x.cmsis.driver.library_2012.8
.13\Core\Device\NXP\LPC177x_8x\Source\Templates\ARM\startup_LPC177x_8x.s
   Uses
      At line 117 in file ..\Common\lpc177x.lpc178x.cmsis.driver.library_2012.8
.13\Core\Device\NXP\LPC177x_8x\Source\Templates\ARM\startup_LPC177x_8x.s
      At line 231 in file ..\Common\lpc177x.lpc178x.cmsis.driver.library_2012.8
.13\Core\Device\NXP\LPC177x_8x\Source\Templates\ARM\startup_LPC177x_8x.s

MCI_IRQHandler 0000001E

Symbol: MCI_IRQHandler
   Definitions
      At line 265 in file ..\Common\lpc177x.lpc178x.cmsis.driver.library_2012.8
.13\Core\Device\NXP\LPC177x_8x\Source\Templates\ARM\startup_LPC177x_8x.s
   Uses
      At line 109 in file ..\Common\lpc177x.lpc178x.cmsis.driver.library_2012.8
.13\Core\Device\NXP\LPC177x_8x\Source\Templates\ARM\startup_LPC177x_8x.s
      At line 223 in file ..\Common\lpc177x.lpc178x.cmsis.driver.library_2012.8
.13\Core\Device\NXP\LPC177x_8x\Source\Templates\ARM\startup_LPC177x_8x.s

MCPWM_IRQHandler 0000001E

Symbol: MCPWM_IRQHandler
   Definitions
      At line 266 in file ..\Common\lpc177x.lpc178x.cmsis.driver.library_2012.8
.13\Core\Device\NXP\LPC177x_8x\Source\Templates\ARM\startup_LPC177x_8x.s
   Uses
      At line 110 in file ..\Common\lpc177x.lpc178x.cmsis.driver.library_2012.8
.13\Core\Device\NXP\LPC177x_8x\Source\Templates\ARM\startup_LPC177x_8x.s
      At line 224 in file ..\Common\lpc177x.lpc178x.cmsis.driver.library_2012.8
.13\Core\Device\NXP\LPC177x_8x\Source\Templates\ARM\startup_LPC177x_8x.s

MemManage_Handler 00000010

Symbol: MemManage_Handler
   Definitions
      At line 160 in file ..\Common\lpc177x.lpc178x.cmsis.driver.library_2012.8
.13\Core\Device\NXP\LPC177x_8x\Source\Templates\ARM\startup_LPC177x_8x.s
   Uses
      At line 66 in file ..\Common\lpc177x.lpc178x.cmsis.driver.library_2012.8.
13\Core\Device\NXP\LPC177x_8x\Source\Templates\ARM\startup_LPC177x_8x.s
      At line 161 in file ..\Common\lpc177x.lpc178x.cmsis.driver.library_2012.8
.13\Core\Device\NXP\LPC177x_8x\Source\Templates\ARM\startup_LPC177x_8x.s

NMI_Handler 0000000C



ARM Macro Assembler    Page 6 Alphabetic symbol ordering
Relocatable symbols


Symbol: NMI_Handler
   Definitions
      At line 150 in file ..\Common\lpc177x.lpc178x.cmsis.driver.library_2012.8
.13\Core\Device\NXP\LPC177x_8x\Source\Templates\ARM\startup_LPC177x_8x.s
   Uses
      At line 64 in file ..\Common\lpc177x.lpc178x.cmsis.driver.library_2012.8.
13\Core\Device\NXP\LPC177x_8x\Source\Templates\ARM\startup_LPC177x_8x.s
      At line 151 in file ..\Common\lpc177x.lpc178x.cmsis.driver.library_2012.8
.13\Core\Device\NXP\LPC177x_8x\Source\Templates\ARM\startup_LPC177x_8x.s

PLL0_IRQHandler 0000001E

Symbol: PLL0_IRQHandler
   Definitions
      At line 252 in file ..\Common\lpc177x.lpc178x.cmsis.driver.library_2012.8
.13\Core\Device\NXP\LPC177x_8x\Source\Templates\ARM\startup_LPC177x_8x.s
   Uses
      At line 96 in file ..\Common\lpc177x.lpc178x.cmsis.driver.library_2012.8.
13\Core\Device\NXP\LPC177x_8x\Source\Templates\ARM\startup_LPC177x_8x.s
      At line 210 in file ..\Common\lpc177x.lpc178x.cmsis.driver.library_2012.8
.13\Core\Device\NXP\LPC177x_8x\Source\Templates\ARM\startup_LPC177x_8x.s

PLL1_IRQHandler 0000001E

Symbol: PLL1_IRQHandler
   Definitions
      At line 268 in file ..\Common\lpc177x.lpc178x.cmsis.driver.library_2012.8
.13\Core\Device\NXP\LPC177x_8x\Source\Templates\ARM\startup_LPC177x_8x.s
   Uses
      At line 112 in file ..\Common\lpc177x.lpc178x.cmsis.driver.library_2012.8
.13\Core\Device\NXP\LPC177x_8x\Source\Templates\ARM\startup_LPC177x_8x.s
      At line 226 in file ..\Common\lpc177x.lpc178x.cmsis.driver.library_2012.8
.13\Core\Device\NXP\LPC177x_8x\Source\Templates\ARM\startup_LPC177x_8x.s

PWM0_IRQHandler 0000001E

Symbol: PWM0_IRQHandler
   Definitions
      At line 275 in file ..\Common\lpc177x.lpc178x.cmsis.driver.library_2012.8
.13\Core\Device\NXP\LPC177x_8x\Source\Templates\ARM\startup_LPC177x_8x.s
   Uses
      At line 119 in file ..\Common\lpc177x.lpc178x.cmsis.driver.library_2012.8
.13\Core\Device\NXP\LPC177x_8x\Source\Templates\ARM\startup_LPC177x_8x.s
      At line 233 in file ..\Common\lpc177x.lpc178x.cmsis.driver.library_2012.8
.13\Core\Device\NXP\LPC177x_8x\Source\Templates\ARM\startup_LPC177x_8x.s

PWM1_IRQHandler 0000001E

Symbol: PWM1_IRQHandler
   Definitions
      At line 245 in file ..\Common\lpc177x.lpc178x.cmsis.driver.library_2012.8
.13\Core\Device\NXP\LPC177x_8x\Source\Templates\ARM\startup_LPC177x_8x.s
   Uses
      At line 89 in file ..\Common\lpc177x.lpc178x.cmsis.driver.library_2012.8.
13\Core\Device\NXP\LPC177x_8x\Source\Templates\ARM\startup_LPC177x_8x.s
      At line 203 in file ..\Common\lpc177x.lpc178x.cmsis.driver.library_2012.8
.13\Core\Device\NXP\LPC177x_8x\Source\Templates\ARM\startup_LPC177x_8x.s




ARM Macro Assembler    Page 7 Alphabetic symbol ordering
Relocatable symbols

PendSV_Handler 0000001A

Symbol: PendSV_Handler
   Definitions
      At line 183 in file ..\Common\lpc177x.lpc178x.cmsis.driver.library_2012.8
.13\Core\Device\NXP\LPC177x_8x\Source\Templates\ARM\startup_LPC177x_8x.s
   Uses
      At line 76 in file ..\Common\lpc177x.lpc178x.cmsis.driver.library_2012.8.
13\Core\Device\NXP\LPC177x_8x\Source\Templates\ARM\startup_LPC177x_8x.s
      At line 184 in file ..\Common\lpc177x.lpc178x.cmsis.driver.library_2012.8
.13\Core\Device\NXP\LPC177x_8x\Source\Templates\ARM\startup_LPC177x_8x.s

QEI_IRQHandler 0000001E

Symbol: QEI_IRQHandler
   Definitions
      At line 267 in file ..\Common\lpc177x.lpc178x.cmsis.driver.library_2012.8
.13\Core\Device\NXP\LPC177x_8x\Source\Templates\ARM\startup_LPC177x_8x.s
   Uses
      At line 111 in file ..\Common\lpc177x.lpc178x.cmsis.driver.library_2012.8
.13\Core\Device\NXP\LPC177x_8x\Source\Templates\ARM\startup_LPC177x_8x.s
      At line 225 in file ..\Common\lpc177x.lpc178x.cmsis.driver.library_2012.8
.13\Core\Device\NXP\LPC177x_8x\Source\Templates\ARM\startup_LPC177x_8x.s

RTC_IRQHandler 0000001E

Symbol: RTC_IRQHandler
   Definitions
      At line 253 in file ..\Common\lpc177x.lpc178x.cmsis.driver.library_2012.8
.13\Core\Device\NXP\LPC177x_8x\Source\Templates\ARM\startup_LPC177x_8x.s
   Uses
      At line 97 in file ..\Common\lpc177x.lpc178x.cmsis.driver.library_2012.8.
13\Core\Device\NXP\LPC177x_8x\Source\Templates\ARM\startup_LPC177x_8x.s
      At line 211 in file ..\Common\lpc177x.lpc178x.cmsis.driver.library_2012.8
.13\Core\Device\NXP\LPC177x_8x\Source\Templates\ARM\startup_LPC177x_8x.s

Reset_Handler 00000000

Symbol: Reset_Handler
   Definitions
      At line 134 in file ..\Common\lpc177x.lpc178x.cmsis.driver.library_2012.8
.13\Core\Device\NXP\LPC177x_8x\Source\Templates\ARM\startup_LPC177x_8x.s
   Uses
      At line 63 in file ..\Common\lpc177x.lpc178x.cmsis.driver.library_2012.8.
13\Core\Device\NXP\LPC177x_8x\Source\Templates\ARM\startup_LPC177x_8x.s
      At line 135 in file ..\Common\lpc177x.lpc178x.cmsis.driver.library_2012.8
.13\Core\Device\NXP\LPC177x_8x\Source\Templates\ARM\startup_LPC177x_8x.s

SPIFI_IRQHandler 0000001E

Symbol: SPIFI_IRQHandler
   Definitions
      At line 249 in file ..\Common\lpc177x.lpc178x.cmsis.driver.library_2012.8
.13\Core\Device\NXP\LPC177x_8x\Source\Templates\ARM\startup_LPC177x_8x.s
   Uses
      At line 93 in file ..\Common\lpc177x.lpc178x.cmsis.driver.library_2012.8.
13\Core\Device\NXP\LPC177x_8x\Source\Templates\ARM\startup_LPC177x_8x.s
      At line 207 in file ..\Common\lpc177x.lpc178x.cmsis.driver.library_2012.8
.13\Core\Device\NXP\LPC177x_8x\Source\Templates\ARM\startup_LPC177x_8x.s



ARM Macro Assembler    Page 8 Alphabetic symbol ordering
Relocatable symbols


SSP0_IRQHandler 0000001E

Symbol: SSP0_IRQHandler
   Definitions
      At line 250 in file ..\Common\lpc177x.lpc178x.cmsis.driver.library_2012.8
.13\Core\Device\NXP\LPC177x_8x\Source\Templates\ARM\startup_LPC177x_8x.s
   Uses
      At line 94 in file ..\Common\lpc177x.lpc178x.cmsis.driver.library_2012.8.
13\Core\Device\NXP\LPC177x_8x\Source\Templates\ARM\startup_LPC177x_8x.s
      At line 208 in file ..\Common\lpc177x.lpc178x.cmsis.driver.library_2012.8
.13\Core\Device\NXP\LPC177x_8x\Source\Templates\ARM\startup_LPC177x_8x.s

SSP1_IRQHandler 0000001E

Symbol: SSP1_IRQHandler
   Definitions
      At line 251 in file ..\Common\lpc177x.lpc178x.cmsis.driver.library_2012.8
.13\Core\Device\NXP\LPC177x_8x\Source\Templates\ARM\startup_LPC177x_8x.s
   Uses
      At line 95 in file ..\Common\lpc177x.lpc178x.cmsis.driver.library_2012.8.
13\Core\Device\NXP\LPC177x_8x\Source\Templates\ARM\startup_LPC177x_8x.s
      At line 209 in file ..\Common\lpc177x.lpc178x.cmsis.driver.library_2012.8
.13\Core\Device\NXP\LPC177x_8x\Source\Templates\ARM\startup_LPC177x_8x.s

SSP2_IRQHandler 0000001E

Symbol: SSP2_IRQHandler
   Definitions
      At line 272 in file ..\Common\lpc177x.lpc178x.cmsis.driver.library_2012.8
.13\Core\Device\NXP\LPC177x_8x\Source\Templates\ARM\startup_LPC177x_8x.s
   Uses
      At line 116 in file ..\Common\lpc177x.lpc178x.cmsis.driver.library_2012.8
.13\Core\Device\NXP\LPC177x_8x\Source\Templates\ARM\startup_LPC177x_8x.s
      At line 230 in file ..\Common\lpc177x.lpc178x.cmsis.driver.library_2012.8
.13\Core\Device\NXP\LPC177x_8x\Source\Templates\ARM\startup_LPC177x_8x.s

SVC_Handler 00000016

Symbol: SVC_Handler
   Definitions
      At line 174 in file ..\Common\lpc177x.lpc178x.cmsis.driver.library_2012.8
.13\Core\Device\NXP\LPC177x_8x\Source\Templates\ARM\startup_LPC177x_8x.s
   Uses
      At line 73 in file ..\Common\lpc177x.lpc178x.cmsis.driver.library_2012.8.
13\Core\Device\NXP\LPC177x_8x\Source\Templates\ARM\startup_LPC177x_8x.s
      At line 175 in file ..\Common\lpc177x.lpc178x.cmsis.driver.library_2012.8
.13\Core\Device\NXP\LPC177x_8x\Source\Templates\ARM\startup_LPC177x_8x.s

SysTick_Handler 0000001C

Symbol: SysTick_Handler
   Definitions
      At line 187 in file ..\Common\lpc177x.lpc178x.cmsis.driver.library_2012.8
.13\Core\Device\NXP\LPC177x_8x\Source\Templates\ARM\startup_LPC177x_8x.s
   Uses
      At line 77 in file ..\Common\lpc177x.lpc178x.cmsis.driver.library_2012.8.
13\Core\Device\NXP\LPC177x_8x\Source\Templates\ARM\startup_LPC177x_8x.s
      At line 188 in file ..\Common\lpc177x.lpc178x.cmsis.driver.library_2012.8



ARM Macro Assembler    Page 9 Alphabetic symbol ordering
Relocatable symbols

.13\Core\Device\NXP\LPC177x_8x\Source\Templates\ARM\startup_LPC177x_8x.s

TIMER0_IRQHandler 0000001E

Symbol: TIMER0_IRQHandler
   Definitions
      At line 237 in file ..\Common\lpc177x.lpc178x.cmsis.driver.library_2012.8
.13\Core\Device\NXP\LPC177x_8x\Source\Templates\ARM\startup_LPC177x_8x.s
   Uses
      At line 81 in file ..\Common\lpc177x.lpc178x.cmsis.driver.library_2012.8.
13\Core\Device\NXP\LPC177x_8x\Source\Templates\ARM\startup_LPC177x_8x.s
      At line 195 in file ..\Common\lpc177x.lpc178x.cmsis.driver.library_2012.8
.13\Core\Device\NXP\LPC177x_8x\Source\Templates\ARM\startup_LPC177x_8x.s

TIMER1_IRQHandler 0000001E

Symbol: TIMER1_IRQHandler
   Definitions
      At line 238 in file ..\Common\lpc177x.lpc178x.cmsis.driver.library_2012.8
.13\Core\Device\NXP\LPC177x_8x\Source\Templates\ARM\startup_LPC177x_8x.s
   Uses
      At line 82 in file ..\Common\lpc177x.lpc178x.cmsis.driver.library_2012.8.
13\Core\Device\NXP\LPC177x_8x\Source\Templates\ARM\startup_LPC177x_8x.s
      At line 196 in file ..\Common\lpc177x.lpc178x.cmsis.driver.library_2012.8
.13\Core\Device\NXP\LPC177x_8x\Source\Templates\ARM\startup_LPC177x_8x.s

TIMER2_IRQHandler 0000001E

Symbol: TIMER2_IRQHandler
   Definitions
      At line 239 in file ..\Common\lpc177x.lpc178x.cmsis.driver.library_2012.8
.13\Core\Device\NXP\LPC177x_8x\Source\Templates\ARM\startup_LPC177x_8x.s
   Uses
      At line 83 in file ..\Common\lpc177x.lpc178x.cmsis.driver.library_2012.8.
13\Core\Device\NXP\LPC177x_8x\Source\Templates\ARM\startup_LPC177x_8x.s
      At line 197 in file ..\Common\lpc177x.lpc178x.cmsis.driver.library_2012.8
.13\Core\Device\NXP\LPC177x_8x\Source\Templates\ARM\startup_LPC177x_8x.s

TIMER3_IRQHandler 0000001E

Symbol: TIMER3_IRQHandler
   Definitions
      At line 240 in file ..\Common\lpc177x.lpc178x.cmsis.driver.library_2012.8
.13\Core\Device\NXP\LPC177x_8x\Source\Templates\ARM\startup_LPC177x_8x.s
   Uses
      At line 84 in file ..\Common\lpc177x.lpc178x.cmsis.driver.library_2012.8.
13\Core\Device\NXP\LPC177x_8x\Source\Templates\ARM\startup_LPC177x_8x.s
      At line 198 in file ..\Common\lpc177x.lpc178x.cmsis.driver.library_2012.8
.13\Core\Device\NXP\LPC177x_8x\Source\Templates\ARM\startup_LPC177x_8x.s

UART0_IRQHandler 0000001E

Symbol: UART0_IRQHandler
   Definitions
      At line 241 in file ..\Common\lpc177x.lpc178x.cmsis.driver.library_2012.8
.13\Core\Device\NXP\LPC177x_8x\Source\Templates\ARM\startup_LPC177x_8x.s
   Uses
      At line 85 in file ..\Common\lpc177x.lpc178x.cmsis.driver.library_2012.8.
13\Core\Device\NXP\LPC177x_8x\Source\Templates\ARM\startup_LPC177x_8x.s



ARM Macro Assembler    Page 10 Alphabetic symbol ordering
Relocatable symbols

      At line 199 in file ..\Common\lpc177x.lpc178x.cmsis.driver.library_2012.8
.13\Core\Device\NXP\LPC177x_8x\Source\Templates\ARM\startup_LPC177x_8x.s

UART1_IRQHandler 0000001E

Symbol: UART1_IRQHandler
   Definitions
      At line 242 in file ..\Common\lpc177x.lpc178x.cmsis.driver.library_2012.8
.13\Core\Device\NXP\LPC177x_8x\Source\Templates\ARM\startup_LPC177x_8x.s
   Uses
      At line 86 in file ..\Common\lpc177x.lpc178x.cmsis.driver.library_2012.8.
13\Core\Device\NXP\LPC177x_8x\Source\Templates\ARM\startup_LPC177x_8x.s
      At line 200 in file ..\Common\lpc177x.lpc178x.cmsis.driver.library_2012.8
.13\Core\Device\NXP\LPC177x_8x\Source\Templates\ARM\startup_LPC177x_8x.s

UART2_IRQHandler 0000001E

Symbol: UART2_IRQHandler
   Definitions
      At line 243 in file ..\Common\lpc177x.lpc178x.cmsis.driver.library_2012.8
.13\Core\Device\NXP\LPC177x_8x\Source\Templates\ARM\startup_LPC177x_8x.s
   Uses
      At line 87 in file ..\Common\lpc177x.lpc178x.cmsis.driver.library_2012.8.
13\Core\Device\NXP\LPC177x_8x\Source\Templates\ARM\startup_LPC177x_8x.s
      At line 201 in file ..\Common\lpc177x.lpc178x.cmsis.driver.library_2012.8
.13\Core\Device\NXP\LPC177x_8x\Source\Templates\ARM\startup_LPC177x_8x.s

UART3_IRQHandler 0000001E

Symbol: UART3_IRQHandler
   Definitions
      At line 244 in file ..\Common\lpc177x.lpc178x.cmsis.driver.library_2012.8
.13\Core\Device\NXP\LPC177x_8x\Source\Templates\ARM\startup_LPC177x_8x.s
   Uses
      At line 88 in file ..\Common\lpc177x.lpc178x.cmsis.driver.library_2012.8.
13\Core\Device\NXP\LPC177x_8x\Source\Templates\ARM\startup_LPC177x_8x.s
      At line 202 in file ..\Common\lpc177x.lpc178x.cmsis.driver.library_2012.8
.13\Core\Device\NXP\LPC177x_8x\Source\Templates\ARM\startup_LPC177x_8x.s

UART4_IRQHandler 0000001E

Symbol: UART4_IRQHandler
   Definitions
      At line 271 in file ..\Common\lpc177x.lpc178x.cmsis.driver.library_2012.8
.13\Core\Device\NXP\LPC177x_8x\Source\Templates\ARM\startup_LPC177x_8x.s
   Uses
      At line 115 in file ..\Common\lpc177x.lpc178x.cmsis.driver.library_2012.8
.13\Core\Device\NXP\LPC177x_8x\Source\Templates\ARM\startup_LPC177x_8x.s
      At line 229 in file ..\Common\lpc177x.lpc178x.cmsis.driver.library_2012.8
.13\Core\Device\NXP\LPC177x_8x\Source\Templates\ARM\startup_LPC177x_8x.s

USBActivity_IRQHandler 0000001E

Symbol: USBActivity_IRQHandler
   Definitions
      At line 269 in file ..\Common\lpc177x.lpc178x.cmsis.driver.library_2012.8
.13\Core\Device\NXP\LPC177x_8x\Source\Templates\ARM\startup_LPC177x_8x.s
   Uses
      At line 113 in file ..\Common\lpc177x.lpc178x.cmsis.driver.library_2012.8



ARM Macro Assembler    Page 11 Alphabetic symbol ordering
Relocatable symbols

.13\Core\Device\NXP\LPC177x_8x\Source\Templates\ARM\startup_LPC177x_8x.s
      At line 227 in file ..\Common\lpc177x.lpc178x.cmsis.driver.library_2012.8
.13\Core\Device\NXP\LPC177x_8x\Source\Templates\ARM\startup_LPC177x_8x.s

USB_IRQHandler 0000001E

Symbol: USB_IRQHandler
   Definitions
      At line 260 in file ..\Common\lpc177x.lpc178x.cmsis.driver.library_2012.8
.13\Core\Device\NXP\LPC177x_8x\Source\Templates\ARM\startup_LPC177x_8x.s
   Uses
      At line 104 in file ..\Common\lpc177x.lpc178x.cmsis.driver.library_2012.8
.13\Core\Device\NXP\LPC177x_8x\Source\Templates\ARM\startup_LPC177x_8x.s
      At line 218 in file ..\Common\lpc177x.lpc178x.cmsis.driver.library_2012.8
.13\Core\Device\NXP\LPC177x_8x\Source\Templates\ARM\startup_LPC177x_8x.s

UsageFault_Handler 00000014

Symbol: UsageFault_Handler
   Definitions
      At line 170 in file ..\Common\lpc177x.lpc178x.cmsis.driver.library_2012.8
.13\Core\Device\NXP\LPC177x_8x\Source\Templates\ARM\startup_LPC177x_8x.s
   Uses
      At line 68 in file ..\Common\lpc177x.lpc178x.cmsis.driver.library_2012.8.
13\Core\Device\NXP\LPC177x_8x\Source\Templates\ARM\startup_LPC177x_8x.s
      At line 171 in file ..\Common\lpc177x.lpc178x.cmsis.driver.library_2012.8
.13\Core\Device\NXP\LPC177x_8x\Source\Templates\ARM\startup_LPC177x_8x.s

WDT_IRQHandler 0000001E

Symbol: WDT_IRQHandler
   Definitions
      At line 236 in file ..\Common\lpc177x.lpc178x.cmsis.driver.library_2012.8
.13\Core\Device\NXP\LPC177x_8x\Source\Templates\ARM\startup_LPC177x_8x.s
   Uses
      At line 80 in file ..\Common\lpc177x.lpc178x.cmsis.driver.library_2012.8.
13\Core\Device\NXP\LPC177x_8x\Source\Templates\ARM\startup_LPC177x_8x.s
      At line 194 in file ..\Common\lpc177x.lpc178x.cmsis.driver.library_2012.8
.13\Core\Device\NXP\LPC177x_8x\Source\Templates\ARM\startup_LPC177x_8x.s

53 symbols



ARM Macro Assembler    Page 1 Alphabetic symbol ordering
Absolute symbols

Heap_Size 00001000

Symbol: Heap_Size
   Definitions
      At line 43 in file ..\Common\lpc177x.lpc178x.cmsis.driver.library_2012.8.
13\Core\Device\NXP\LPC177x_8x\Source\Templates\ARM\startup_LPC177x_8x.s
   Uses
      At line 49 in file ..\Common\lpc177x.lpc178x.cmsis.driver.library_2012.8.
13\Core\Device\NXP\LPC177x_8x\Source\Templates\ARM\startup_LPC177x_8x.s
Comment: Heap_Size used once
Stack_Size 00001400

Symbol: Stack_Size
   Definitions
      At line 27 in file ..\Common\lpc177x.lpc178x.cmsis.driver.library_2012.8.
13\Core\Device\NXP\LPC177x_8x\Source\Templates\ARM\startup_LPC177x_8x.s
   Uses
      At line 30 in file ..\Common\lpc177x.lpc178x.cmsis.driver.library_2012.8.
13\Core\Device\NXP\LPC177x_8x\Source\Templates\ARM\startup_LPC177x_8x.s
      At line 35 in file ..\Common\lpc177x.lpc178x.cmsis.driver.library_2012.8.
13\Core\Device\NXP\LPC177x_8x\Source\Templates\ARM\startup_LPC177x_8x.s

2 symbols



ARM Macro Assembler    Page 1 Alphabetic symbol ordering
External symbols

SystemInit 00000000

Symbol: SystemInit
   Definitions
      At line 136 in file ..\Common\lpc177x.lpc178x.cmsis.driver.library_2012.8
.13\Core\Device\NXP\LPC177x_8x\Source\Templates\ARM\startup_LPC177x_8x.s
   Uses
      At line 139 in file ..\Common\lpc177x.lpc178x.cmsis.driver.library_2012.8
.13\Core\Device\NXP\LPC177x_8x\Source\Templates\ARM\startup_LPC177x_8x.s
Comment: SystemInit used once
__low_level_init 00000000

Symbol: __low_level_init
   Definitions
      At line 137 in file ..\Common\lpc177x.lpc178x.cmsis.driver.library_2012.8
.13\Core\Device\NXP\LPC177x_8x\Source\Templates\ARM\startup_LPC177x_8x.s
   Uses
      At line 141 in file ..\Common\lpc177x.lpc178x.cmsis.driver.library_2012.8
.13\Core\Device\NXP\LPC177x_8x\Source\Templates\ARM\startup_LPC177x_8x.s
Comment: __low_level_init used once
__main 00000000

Symbol: __main
   Definitions
      At line 138 in file ..\Common\lpc177x.lpc178x.cmsis.driver.library_2012.8
.13\Core\Device\NXP\LPC177x_8x\Source\Templates\ARM\startup_LPC177x_8x.s
   Uses
      At line 143 in file ..\Common\lpc177x.lpc178x.cmsis.driver.library_2012.8
.13\Core\Device\NXP\LPC177x_8x\Source\Templates\ARM\startup_LPC177x_8x.s
Comment: __main used once
3 symbols
407 symbols in table
